CRITICAL - 2023-10-30 06:58:34 --> Undefined variable $uas
in APPPATH\Controllers\Home.php on line 41.
 1 APPPATH\Controllers\Home.php(41): CodeIgniter\Debug\Exceptions->errorHandler(2, 'Undefined variable $uas', 'C:\\Users\\ASUS\\Desktop\\Lat1\\app\\Controllers\\Home.php', 41)
 2 SYSTEMPATH\CodeIgniter.php(919): App\Controllers\Home->hitungbiaya()
 3 SYSTEMPATH\CodeIgniter.php(494): CodeIgniter\CodeIgniter->runController(Object(App\Controllers\Home))
 4 SYSTEMPATH\CodeIgniter.php(353): CodeIgniter\CodeIgniter->handleRequest(null, Object(Config\Cache), false)
 5 FCPATH\index.php(79): CodeIgniter\CodeIgniter->run()
 6 SYSTEMPATH\Commands\Server\rewrite.php(47): require_once('C:\\Users\\ASUS\\Desktop\\Lat1\\public\\index.php')
CRITICAL - 2023-10-30 06:59:02 --> Undefined variable $uas
in APPPATH\Controllers\Home.php on line 41.
 1 APPPATH\Controllers\Home.php(41): CodeIgniter\Debug\Exceptions->errorHandler(2, 'Undefined variable $uas', 'C:\\Users\\ASUS\\Desktop\\Lat1\\app\\Controllers\\Home.php', 41)
 2 SYSTEMPATH\CodeIgniter.php(919): App\Controllers\Home->hitungbiaya()
 3 SYSTEMPATH\CodeIgniter.php(494): CodeIgniter\CodeIgniter->runController(Object(App\Controllers\Home))
 4 SYSTEMPATH\CodeIgniter.php(353): CodeIgniter\CodeIgniter->handleRequest(null, Object(Config\Cache), false)
 5 FCPATH\index.php(79): CodeIgniter\CodeIgniter->run()
 6 SYSTEMPATH\Commands\Server\rewrite.php(47): require_once('C:\\Users\\ASUS\\Desktop\\Lat1\\public\\index.php')
CRITICAL - 2023-10-30 07:01:11 --> Undefined variable $uas
in APPPATH\Controllers\Home.php on line 41.
 1 APPPATH\Controllers\Home.php(41): CodeIgniter\Debug\Exceptions->errorHandler(2, 'Undefined variable $uas', 'C:\\Users\\ASUS\\Desktop\\Lat1\\app\\Controllers\\Home.php', 41)
 2 SYSTEMPATH\CodeIgniter.php(919): App\Controllers\Home->hitungbiaya()
 3 SYSTEMPATH\CodeIgniter.php(494): CodeIgniter\CodeIgniter->runController(Object(App\Controllers\Home))
 4 SYSTEMPATH\CodeIgniter.php(353): CodeIgniter\CodeIgniter->handleRequest(null, Object(Config\Cache), false)
 5 FCPATH\index.php(79): CodeIgniter\CodeIgniter->run()
 6 SYSTEMPATH\Commands\Server\rewrite.php(47): require_once('C:\\Users\\ASUS\\Desktop\\Lat1\\public\\index.php')
CRITICAL - 2023-10-30 07:02:52 --> Undefined variable $uas
in APPPATH\Controllers\Home.php on line 41.
 1 APPPATH\Controllers\Home.php(41): CodeIgniter\Debug\Exceptions->errorHandler(2, 'Undefined variable $uas', 'C:\\Users\\ASUS\\Desktop\\Lat1\\app\\Controllers\\Home.php', 41)
 2 SYSTEMPATH\CodeIgniter.php(919): App\Controllers\Home->hitungbiaya()
 3 SYSTEMPATH\CodeIgniter.php(494): CodeIgniter\CodeIgniter->runController(Object(App\Controllers\Home))
 4 SYSTEMPATH\CodeIgniter.php(353): CodeIgniter\CodeIgniter->handleRequest(null, Object(Config\Cache), false)
 5 FCPATH\index.php(79): CodeIgniter\CodeIgniter->run()
 6 SYSTEMPATH\Commands\Server\rewrite.php(47): require_once('C:\\Users\\ASUS\\Desktop\\Lat1\\public\\index.php')
CRITICAL - 2023-10-30 07:04:42 --> Undefined variable $uas
in APPPATH\Controllers\Home.php on line 41.
 1 APPPATH\Controllers\Home.php(41): CodeIgniter\Debug\Exceptions->errorHandler(2, 'Undefined variable $uas', 'C:\\Users\\ASUS\\Desktop\\Lat1\\app\\Controllers\\Home.php', 41)
 2 SYSTEMPATH\CodeIgniter.php(919): App\Controllers\Home->hitungbiaya()
 3 SYSTEMPATH\CodeIgniter.php(494): CodeIgniter\CodeIgniter->runController(Object(App\Controllers\Home))
 4 SYSTEMPATH\CodeIgniter.php(353): CodeIgniter\CodeIgniter->handleRequest(null, Object(Config\Cache), false)
 5 FCPATH\index.php(79): CodeIgniter\CodeIgniter->run()
 6 SYSTEMPATH\Commands\Server\rewrite.php(47): require_once('C:\\Users\\ASUS\\Desktop\\Lat1\\public\\index.php')
CRITICAL - 2023-10-30 07:05:42 --> Undefined variable $uas
in APPPATH\Controllers\Home.php on line 41.
 1 APPPATH\Controllers\Home.php(41): CodeIgniter\Debug\Exceptions->errorHandler(2, 'Undefined variable $uas', 'C:\\Users\\ASUS\\Desktop\\Lat1\\app\\Controllers\\Home.php', 41)
 2 SYSTEMPATH\CodeIgniter.php(919): App\Controllers\Home->hitungbiaya()
 3 SYSTEMPATH\CodeIgniter.php(494): CodeIgniter\CodeIgniter->runController(Object(App\Controllers\Home))
 4 SYSTEMPATH\CodeIgniter.php(353): CodeIgniter\CodeIgniter->handleRequest(null, Object(Config\Cache), false)
 5 FCPATH\index.php(79): CodeIgniter\CodeIgniter->run()
 6 SYSTEMPATH\Commands\Server\rewrite.php(47): require_once('C:\\Users\\ASUS\\Desktop\\Lat1\\public\\index.php')
CRITICAL - 2023-10-30 07:06:51 --> Undefined variable $uas
in APPPATH\Controllers\Home.php on line 41.
 1 APPPATH\Controllers\Home.php(41): CodeIgniter\Debug\Exceptions->errorHandler(2, 'Undefined variable $uas', 'C:\\Users\\ASUS\\Desktop\\Lat1\\app\\Controllers\\Home.php', 41)
 2 SYSTEMPATH\CodeIgniter.php(919): App\Controllers\Home->hitungbiaya()
 3 SYSTEMPATH\CodeIgniter.php(494): CodeIgniter\CodeIgniter->runController(Object(App\Controllers\Home))
 4 SYSTEMPATH\CodeIgniter.php(353): CodeIgniter\CodeIgniter->handleRequest(null, Object(Config\Cache), false)
 5 FCPATH\index.php(79): CodeIgniter\CodeIgniter->run()
 6 SYSTEMPATH\Commands\Server\rewrite.php(47): require_once('C:\\Users\\ASUS\\Desktop\\Lat1\\public\\index.php')
CRITICAL - 2023-10-30 07:11:16 --> Undefined variable $uas
in APPPATH\Controllers\Home.php on line 41.
 1 APPPATH\Controllers\Home.php(41): CodeIgniter\Debug\Exceptions->errorHandler(2, 'Undefined variable $uas', 'C:\\Users\\ASUS\\Desktop\\Lat1\\app\\Controllers\\Home.php', 41)
 2 SYSTEMPATH\CodeIgniter.php(919): App\Controllers\Home->hitungbiaya()
 3 SYSTEMPATH\CodeIgniter.php(494): CodeIgniter\CodeIgniter->runController(Object(App\Controllers\Home))
 4 SYSTEMPATH\CodeIgniter.php(353): CodeIgniter\CodeIgniter->handleRequest(null, Object(Config\Cache), false)
 5 FCPATH\index.php(79): CodeIgniter\CodeIgniter->run()
 6 SYSTEMPATH\Commands\Server\rewrite.php(47): require_once('C:\\Users\\ASUS\\Desktop\\Lat1\\public\\index.php')
CRITICAL - 2023-10-30 07:16:57 --> Undefined variable $uas
in APPPATH\Controllers\Home.php on line 41.
 1 APPPATH\Controllers\Home.php(41): CodeIgniter\Debug\Exceptions->errorHandler(2, 'Undefined variable $uas', 'C:\\Users\\ASUS\\Desktop\\Lat1\\app\\Controllers\\Home.php', 41)
 2 SYSTEMPATH\CodeIgniter.php(919): App\Controllers\Home->hitungbiaya()
 3 SYSTEMPATH\CodeIgniter.php(494): CodeIgniter\CodeIgniter->runController(Object(App\Controllers\Home))
 4 SYSTEMPATH\CodeIgniter.php(353): CodeIgniter\CodeIgniter->handleRequest(null, Object(Config\Cache), false)
 5 FCPATH\index.php(79): CodeIgniter\CodeIgniter->run()
 6 SYSTEMPATH\Commands\Server\rewrite.php(47): require_once('C:\\Users\\ASUS\\Desktop\\Lat1\\public\\index.php')
