ERROR - 2023-11-06 04:43:35 --> mysqli_sql_exception: Unknown column 'jenis' in 'field list' in C:\Users\ASUS\Desktop\Lat1\system\Database\MySQLi\Connection.php:306
Stack trace:
#0 C:\Users\ASUS\Desktop\Lat1\system\Database\MySQLi\Connection.php(306): mysqli->query('INSERT INTO `sp...', 0)
#1 C:\Users\ASUS\Desktop\Lat1\system\Database\BaseConnection.php(692): CodeIgniter\Database\MySQLi\Connection->execute('INSERT INTO `sp...')
#2 C:\Users\ASUS\Desktop\Lat1\system\Database\BaseConnection.php(606): CodeIgniter\Database\BaseConnection->simpleQuery('INSERT INTO `sp...')
#3 C:\Users\ASUS\Desktop\Lat1\system\Database\BaseBuilder.php(2308): CodeIgniter\Database\BaseConnection->query('INSERT INTO `sp...', Array, false)
#4 C:\Users\ASUS\Desktop\Lat1\app\Controllers\Quiz.php(26): CodeIgniter\Database\BaseBuilder->insert(Array)
#5 C:\Users\ASUS\Desktop\Lat1\system\CodeIgniter.php(919): App\Controllers\Quiz->simpan()
#6 C:\Users\ASUS\Desktop\Lat1\system\CodeIgniter.php(494): CodeIgniter\CodeIgniter->runController(Object(App\Controllers\Quiz))
#7 C:\Users\ASUS\Desktop\Lat1\system\CodeIgniter.php(353): CodeIgniter\CodeIgniter->handleRequest(NULL, Object(Config\Cache), false)
#8 C:\Users\ASUS\Desktop\Lat1\public\index.php(79): CodeIgniter\CodeIgniter->run()
#9 C:\Users\ASUS\Desktop\Lat1\system\Commands\Server\rewrite.php(47): require_once('C:\\Users\\ASUS\\D...')
#10 {main}
CRITICAL - 2023-11-06 04:43:35 --> Unknown column 'jenis' in 'field list'
in SYSTEMPATH\Database\BaseConnection.php on line 646.
 1 SYSTEMPATH\Database\BaseBuilder.php(2308): CodeIgniter\Database\BaseConnection->query('INSERT INTO `sppd` (`kode`, `jenis`, `harga`, `jumlah`, `total`) VALUES (:kode:, :jenis:, :harga:, :jumlah:, :total:)', [...], false)
 2 APPPATH\Controllers\Quiz.php(26): CodeIgniter\Database\BaseBuilder->insert([...])
 3 SYSTEMPATH\CodeIgniter.php(919): App\Controllers\Quiz->simpan()
 4 SYSTEMPATH\CodeIgniter.php(494): CodeIgniter\CodeIgniter->runController(Object(App\Controllers\Quiz))
 5 SYSTEMPATH\CodeIgniter.php(353): CodeIgniter\CodeIgniter->handleRequest(null, Object(Config\Cache), false)
 6 FCPATH\index.php(79): CodeIgniter\CodeIgniter->run()
 7 SYSTEMPATH\Commands\Server\rewrite.php(47): require_once('C:\\Users\\ASUS\\Desktop\\Lat1\\public\\index.php')
ERROR - 2023-11-06 04:52:45 --> mysqli_sql_exception: Table 'dbstmik.baju' doesn't exist in C:\Users\ASUS\Desktop\Lat1\system\Database\MySQLi\Connection.php:306
Stack trace:
#0 C:\Users\ASUS\Desktop\Lat1\system\Database\MySQLi\Connection.php(306): mysqli->query('INSERT INTO `ba...', 0)
#1 C:\Users\ASUS\Desktop\Lat1\system\Database\BaseConnection.php(692): CodeIgniter\Database\MySQLi\Connection->execute('INSERT INTO `ba...')
#2 C:\Users\ASUS\Desktop\Lat1\system\Database\BaseConnection.php(606): CodeIgniter\Database\BaseConnection->simpleQuery('INSERT INTO `ba...')
#3 C:\Users\ASUS\Desktop\Lat1\system\Database\BaseBuilder.php(2308): CodeIgniter\Database\BaseConnection->query('INSERT INTO `ba...', Array, false)
#4 C:\Users\ASUS\Desktop\Lat1\app\Controllers\Quiz.php(26): CodeIgniter\Database\BaseBuilder->insert(Array)
#5 C:\Users\ASUS\Desktop\Lat1\system\CodeIgniter.php(919): App\Controllers\Quiz->simpan()
#6 C:\Users\ASUS\Desktop\Lat1\system\CodeIgniter.php(494): CodeIgniter\CodeIgniter->runController(Object(App\Controllers\Quiz))
#7 C:\Users\ASUS\Desktop\Lat1\system\CodeIgniter.php(353): CodeIgniter\CodeIgniter->handleRequest(NULL, Object(Config\Cache), false)
#8 C:\Users\ASUS\Desktop\Lat1\public\index.php(79): CodeIgniter\CodeIgniter->run()
#9 C:\Users\ASUS\Desktop\Lat1\system\Commands\Server\rewrite.php(47): require_once('C:\\Users\\ASUS\\D...')
#10 {main}
CRITICAL - 2023-11-06 04:52:45 --> Table 'dbstmik.baju' doesn't exist
in SYSTEMPATH\Database\BaseConnection.php on line 646.
 1 SYSTEMPATH\Database\BaseBuilder.php(2308): CodeIgniter\Database\BaseConnection->query('INSERT INTO `baju` (`kode`, `jenis`, `harga`, `jumlah`, `total`) VALUES (:kode:, :jenis:, :harga:, :jumlah:, :total:)', [...], false)
 2 APPPATH\Controllers\Quiz.php(26): CodeIgniter\Database\BaseBuilder->insert([...])
 3 SYSTEMPATH\CodeIgniter.php(919): App\Controllers\Quiz->simpan()
 4 SYSTEMPATH\CodeIgniter.php(494): CodeIgniter\CodeIgniter->runController(Object(App\Controllers\Quiz))
 5 SYSTEMPATH\CodeIgniter.php(353): CodeIgniter\CodeIgniter->handleRequest(null, Object(Config\Cache), false)
 6 FCPATH\index.php(79): CodeIgniter\CodeIgniter->run()
 7 SYSTEMPATH\Commands\Server\rewrite.php(47): require_once('C:\\Users\\ASUS\\Desktop\\Lat1\\public\\index.php')
CRITICAL - 2023-11-06 05:07:18 --> Undefined variable $sppdok
in APPPATH\Views\tampilquiz.php on line 13.
 1 APPPATH\Views\tampilquiz.php(13): CodeIgniter\Debug\Exceptions->errorHandler(2, 'Undefined variable $sppdok', 'C:\\Users\\ASUS\\Desktop\\Lat1\\app\\Views\\tampilquiz.php', 13)
 2 SYSTEMPATH\View\View.php(226): include('C:\\Users\\ASUS\\Desktop\\Lat1\\app\\Views\\tampilquiz.php')
 3 SYSTEMPATH\View\View.php(229): CodeIgniter\View\View->CodeIgniter\View\{closure}()
 4 SYSTEMPATH\Common.php(1188): CodeIgniter\View\View->render('tampilquiz', [], true)
 5 APPPATH\Controllers\Quiz.php(9): view('tampilquiz')
 6 SYSTEMPATH\CodeIgniter.php(919): App\Controllers\Quiz->entri()
 7 SYSTEMPATH\CodeIgniter.php(494): CodeIgniter\CodeIgniter->runController(Object(App\Controllers\Quiz))
 8 SYSTEMPATH\CodeIgniter.php(353): CodeIgniter\CodeIgniter->handleRequest(null, Object(Config\Cache), false)
 9 FCPATH\index.php(79): CodeIgniter\CodeIgniter->run()
10 SYSTEMPATH\Commands\Server\rewrite.php(47): require_once('C:\\Users\\ASUS\\Desktop\\Lat1\\public\\index.php')
CRITICAL - 2023-11-06 05:07:27 --> Undefined variable $sppdok
in APPPATH\Views\tampilquiz.php on line 13.
 1 APPPATH\Views\tampilquiz.php(13): CodeIgniter\Debug\Exceptions->errorHandler(2, 'Undefined variable $sppdok', 'C:\\Users\\ASUS\\Desktop\\Lat1\\app\\Views\\tampilquiz.php', 13)
 2 SYSTEMPATH\View\View.php(226): include('C:\\Users\\ASUS\\Desktop\\Lat1\\app\\Views\\tampilquiz.php')
 3 SYSTEMPATH\View\View.php(229): CodeIgniter\View\View->CodeIgniter\View\{closure}()
 4 SYSTEMPATH\Common.php(1188): CodeIgniter\View\View->render('tampilquiz', [], true)
 5 APPPATH\Controllers\Quiz.php(9): view('tampilquiz')
 6 SYSTEMPATH\CodeIgniter.php(919): App\Controllers\Quiz->entri()
 7 SYSTEMPATH\CodeIgniter.php(494): CodeIgniter\CodeIgniter->runController(Object(App\Controllers\Quiz))
 8 SYSTEMPATH\CodeIgniter.php(353): CodeIgniter\CodeIgniter->handleRequest(null, Object(Config\Cache), false)
 9 FCPATH\index.php(79): CodeIgniter\CodeIgniter->run()
10 SYSTEMPATH\Commands\Server\rewrite.php(47): require_once('C:\\Users\\ASUS\\Desktop\\Lat1\\public\\index.php')
CRITICAL - 2023-11-06 05:07:42 --> Undefined variable $sppdok
in APPPATH\Views\tampilquiz.php on line 13.
 1 APPPATH\Views\tampilquiz.php(13): CodeIgniter\Debug\Exceptions->errorHandler(2, 'Undefined variable $sppdok', 'C:\\Users\\ASUS\\Desktop\\Lat1\\app\\Views\\tampilquiz.php', 13)
 2 SYSTEMPATH\View\View.php(226): include('C:\\Users\\ASUS\\Desktop\\Lat1\\app\\Views\\tampilquiz.php')
 3 SYSTEMPATH\View\View.php(229): CodeIgniter\View\View->CodeIgniter\View\{closure}()
 4 SYSTEMPATH\Common.php(1188): CodeIgniter\View\View->render('tampilquiz', [], true)
 5 APPPATH\Controllers\Quiz.php(9): view('tampilquiz')
 6 SYSTEMPATH\CodeIgniter.php(919): App\Controllers\Quiz->entri()
 7 SYSTEMPATH\CodeIgniter.php(494): CodeIgniter\CodeIgniter->runController(Object(App\Controllers\Quiz))
 8 SYSTEMPATH\CodeIgniter.php(353): CodeIgniter\CodeIgniter->handleRequest(null, Object(Config\Cache), false)
 9 FCPATH\index.php(79): CodeIgniter\CodeIgniter->run()
10 SYSTEMPATH\Commands\Server\rewrite.php(47): require_once('C:\\Users\\ASUS\\Desktop\\Lat1\\public\\index.php')
CRITICAL - 2023-11-06 05:15:42 --> Undefined variable $sppdok
in APPPATH\Views\tampilquiz.php on line 13.
 1 APPPATH\Views\tampilquiz.php(13): CodeIgniter\Debug\Exceptions->errorHandler(2, 'Undefined variable $sppdok', 'C:\\Users\\ASUS\\Desktop\\Lat1\\app\\Views\\tampilquiz.php', 13)
 2 SYSTEMPATH\View\View.php(226): include('C:\\Users\\ASUS\\Desktop\\Lat1\\app\\Views\\tampilquiz.php')
 3 SYSTEMPATH\View\View.php(229): CodeIgniter\View\View->CodeIgniter\View\{closure}()
 4 SYSTEMPATH\Common.php(1188): CodeIgniter\View\View->render('tampilquiz', [], true)
 5 APPPATH\Controllers\Quiz.php(9): view('tampilquiz')
 6 SYSTEMPATH\CodeIgniter.php(919): App\Controllers\Quiz->entriquiz()
 7 SYSTEMPATH\CodeIgniter.php(494): CodeIgniter\CodeIgniter->runController(Object(App\Controllers\Quiz))
 8 SYSTEMPATH\CodeIgniter.php(353): CodeIgniter\CodeIgniter->handleRequest(null, Object(Config\Cache), false)
 9 FCPATH\index.php(79): CodeIgniter\CodeIgniter->run()
10 SYSTEMPATH\Commands\Server\rewrite.php(47): require_once('C:\\Users\\ASUS\\Desktop\\Lat1\\public\\index.php')
CRITICAL - 2023-11-06 05:15:46 --> Undefined variable $sppdok
in APPPATH\Views\tampilquiz.php on line 13.
 1 APPPATH\Views\tampilquiz.php(13): CodeIgniter\Debug\Exceptions->errorHandler(2, 'Undefined variable $sppdok', 'C:\\Users\\ASUS\\Desktop\\Lat1\\app\\Views\\tampilquiz.php', 13)
 2 SYSTEMPATH\View\View.php(226): include('C:\\Users\\ASUS\\Desktop\\Lat1\\app\\Views\\tampilquiz.php')
 3 SYSTEMPATH\View\View.php(229): CodeIgniter\View\View->CodeIgniter\View\{closure}()
 4 SYSTEMPATH\Common.php(1188): CodeIgniter\View\View->render('tampilquiz', [], true)
 5 APPPATH\Controllers\Quiz.php(9): view('tampilquiz')
 6 SYSTEMPATH\CodeIgniter.php(919): App\Controllers\Quiz->entriquiz()
 7 SYSTEMPATH\CodeIgniter.php(494): CodeIgniter\CodeIgniter->runController(Object(App\Controllers\Quiz))
 8 SYSTEMPATH\CodeIgniter.php(353): CodeIgniter\CodeIgniter->handleRequest(null, Object(Config\Cache), false)
 9 FCPATH\index.php(79): CodeIgniter\CodeIgniter->run()
10 SYSTEMPATH\Commands\Server\rewrite.php(47): require_once('C:\\Users\\ASUS\\Desktop\\Lat1\\public\\index.php')
ERROR - 2023-11-06 05:16:09 --> mysqli_sql_exception: Duplicate entry 'B001' for key 'PRIMARY' in C:\Users\ASUS\Desktop\Lat1\system\Database\MySQLi\Connection.php:306
Stack trace:
#0 C:\Users\ASUS\Desktop\Lat1\system\Database\MySQLi\Connection.php(306): mysqli->query('INSERT INTO `ba...', 0)
#1 C:\Users\ASUS\Desktop\Lat1\system\Database\BaseConnection.php(692): CodeIgniter\Database\MySQLi\Connection->execute('INSERT INTO `ba...')
#2 C:\Users\ASUS\Desktop\Lat1\system\Database\BaseConnection.php(606): CodeIgniter\Database\BaseConnection->simpleQuery('INSERT INTO `ba...')
#3 C:\Users\ASUS\Desktop\Lat1\system\Database\BaseBuilder.php(2308): CodeIgniter\Database\BaseConnection->query('INSERT INTO `ba...', Array, false)
#4 C:\Users\ASUS\Desktop\Lat1\app\Controllers\Quiz.php(26): CodeIgniter\Database\BaseBuilder->insert(Array)
#5 C:\Users\ASUS\Desktop\Lat1\system\CodeIgniter.php(919): App\Controllers\Quiz->simpan()
#6 C:\Users\ASUS\Desktop\Lat1\system\CodeIgniter.php(494): CodeIgniter\CodeIgniter->runController(Object(App\Controllers\Quiz))
#7 C:\Users\ASUS\Desktop\Lat1\system\CodeIgniter.php(353): CodeIgniter\CodeIgniter->handleRequest(NULL, Object(Config\Cache), false)
#8 C:\Users\ASUS\Desktop\Lat1\public\index.php(79): CodeIgniter\CodeIgniter->run()
#9 C:\Users\ASUS\Desktop\Lat1\system\Commands\Server\rewrite.php(47): require_once('C:\\Users\\ASUS\\D...')
#10 {main}
CRITICAL - 2023-11-06 05:16:09 --> Duplicate entry 'B001' for key 'PRIMARY'
in SYSTEMPATH\Database\BaseConnection.php on line 646.
 1 SYSTEMPATH\Database\BaseBuilder.php(2308): CodeIgniter\Database\BaseConnection->query('INSERT INTO `baju` (`kode`, `jenis`, `harga`, `jumlah`, `total`) VALUES (:kode:, :jenis:, :harga:, :jumlah:, :total:)', [...], false)
 2 APPPATH\Controllers\Quiz.php(26): CodeIgniter\Database\BaseBuilder->insert([...])
 3 SYSTEMPATH\CodeIgniter.php(919): App\Controllers\Quiz->simpan()
 4 SYSTEMPATH\CodeIgniter.php(494): CodeIgniter\CodeIgniter->runController(Object(App\Controllers\Quiz))
 5 SYSTEMPATH\CodeIgniter.php(353): CodeIgniter\CodeIgniter->handleRequest(null, Object(Config\Cache), false)
 6 FCPATH\index.php(79): CodeIgniter\CodeIgniter->run()
 7 SYSTEMPATH\Commands\Server\rewrite.php(47): require_once('C:\\Users\\ASUS\\Desktop\\Lat1\\public\\index.php')
ERROR - 2023-11-06 05:23:35 --> mysqli_sql_exception: Table 'toko.sppd' doesn't exist in C:\Users\ASUS\Desktop\Lat1\system\Database\MySQLi\Connection.php:306
Stack trace:
#0 C:\Users\ASUS\Desktop\Lat1\system\Database\MySQLi\Connection.php(306): mysqli->query('INSERT INTO `sp...', 0)
#1 C:\Users\ASUS\Desktop\Lat1\system\Database\BaseConnection.php(692): CodeIgniter\Database\MySQLi\Connection->execute('INSERT INTO `sp...')
#2 C:\Users\ASUS\Desktop\Lat1\system\Database\BaseConnection.php(606): CodeIgniter\Database\BaseConnection->simpleQuery('INSERT INTO `sp...')
#3 C:\Users\ASUS\Desktop\Lat1\system\Database\BaseBuilder.php(2308): CodeIgniter\Database\BaseConnection->query('INSERT INTO `sp...', Array, false)
#4 C:\Users\ASUS\Desktop\Lat1\app\Controllers\Home.php(101): CodeIgniter\Database\BaseBuilder->insert(Array)
#5 C:\Users\ASUS\Desktop\Lat1\system\CodeIgniter.php(919): App\Controllers\Home->simpan()
#6 C:\Users\ASUS\Desktop\Lat1\system\CodeIgniter.php(494): CodeIgniter\CodeIgniter->runController(Object(App\Controllers\Home))
#7 C:\Users\ASUS\Desktop\Lat1\system\CodeIgniter.php(353): CodeIgniter\CodeIgniter->handleRequest(NULL, Object(Config\Cache), false)
#8 C:\Users\ASUS\Desktop\Lat1\public\index.php(79): CodeIgniter\CodeIgniter->run()
#9 C:\Users\ASUS\Desktop\Lat1\system\Commands\Server\rewrite.php(47): require_once('C:\\Users\\ASUS\\D...')
#10 {main}
CRITICAL - 2023-11-06 05:23:35 --> Table 'toko.sppd' doesn't exist
in SYSTEMPATH\Database\BaseConnection.php on line 646.
 1 SYSTEMPATH\Database\BaseBuilder.php(2308): CodeIgniter\Database\BaseConnection->query('INSERT INTO `sppd` (`kode`, `agenda`, `btransportasi`, `bpenginapan`, `bpokok`, `total`) VALUES (:kode:, :agenda:, :btransportasi:, :bpenginapan:, :bpokok:, :total:)', [...], false)
 2 APPPATH\Controllers\Home.php(101): CodeIgniter\Database\BaseBuilder->insert([...])
 3 SYSTEMPATH\CodeIgniter.php(919): App\Controllers\Home->simpan()
 4 SYSTEMPATH\CodeIgniter.php(494): CodeIgniter\CodeIgniter->runController(Object(App\Controllers\Home))
 5 SYSTEMPATH\CodeIgniter.php(353): CodeIgniter\CodeIgniter->handleRequest(null, Object(Config\Cache), false)
 6 FCPATH\index.php(79): CodeIgniter\CodeIgniter->run()
 7 SYSTEMPATH\Commands\Server\rewrite.php(47): require_once('C:\\Users\\ASUS\\Desktop\\Lat1\\public\\index.php')
ERROR - 2023-11-06 05:35:43 --> mysqli_sql_exception: Duplicate entry 'B001' for key 'PRIMARY' in C:\Users\ASUS\Desktop\Lat1\system\Database\MySQLi\Connection.php:306
Stack trace:
#0 C:\Users\ASUS\Desktop\Lat1\system\Database\MySQLi\Connection.php(306): mysqli->query('INSERT INTO `ba...', 0)
#1 C:\Users\ASUS\Desktop\Lat1\system\Database\BaseConnection.php(692): CodeIgniter\Database\MySQLi\Connection->execute('INSERT INTO `ba...')
#2 C:\Users\ASUS\Desktop\Lat1\system\Database\BaseConnection.php(606): CodeIgniter\Database\BaseConnection->simpleQuery('INSERT INTO `ba...')
#3 C:\Users\ASUS\Desktop\Lat1\system\Database\BaseBuilder.php(2308): CodeIgniter\Database\BaseConnection->query('INSERT INTO `ba...', Array, false)
#4 C:\Users\ASUS\Desktop\Lat1\app\Controllers\Quiz.php(26): CodeIgniter\Database\BaseBuilder->insert(Array)
#5 C:\Users\ASUS\Desktop\Lat1\system\CodeIgniter.php(919): App\Controllers\Quiz->simpan()
#6 C:\Users\ASUS\Desktop\Lat1\system\CodeIgniter.php(494): CodeIgniter\CodeIgniter->runController(Object(App\Controllers\Quiz))
#7 C:\Users\ASUS\Desktop\Lat1\system\CodeIgniter.php(353): CodeIgniter\CodeIgniter->handleRequest(NULL, Object(Config\Cache), false)
#8 C:\Users\ASUS\Desktop\Lat1\public\index.php(79): CodeIgniter\CodeIgniter->run()
#9 C:\Users\ASUS\Desktop\Lat1\system\Commands\Server\rewrite.php(47): require_once('C:\\Users\\ASUS\\D...')
#10 {main}
CRITICAL - 2023-11-06 05:35:43 --> Duplicate entry 'B001' for key 'PRIMARY'
in SYSTEMPATH\Database\BaseConnection.php on line 646.
 1 SYSTEMPATH\Database\BaseBuilder.php(2308): CodeIgniter\Database\BaseConnection->query('INSERT INTO `baju` (`kode`, `jenis`, `harga`, `jumlah`, `total`) VALUES (:kode:, :jenis:, :harga:, :jumlah:, :total:)', [...], false)
 2 APPPATH\Controllers\Quiz.php(26): CodeIgniter\Database\BaseBuilder->insert([...])
 3 SYSTEMPATH\CodeIgniter.php(919): App\Controllers\Quiz->simpan()
 4 SYSTEMPATH\CodeIgniter.php(494): CodeIgniter\CodeIgniter->runController(Object(App\Controllers\Quiz))
 5 SYSTEMPATH\CodeIgniter.php(353): CodeIgniter\CodeIgniter->handleRequest(null, Object(Config\Cache), false)
 6 FCPATH\index.php(79): CodeIgniter\CodeIgniter->run()
 7 SYSTEMPATH\Commands\Server\rewrite.php(47): require_once('C:\\Users\\ASUS\\Desktop\\Lat1\\public\\index.php')
ERROR - 2023-11-06 06:52:19 --> mysqli_sql_exception: Table 'toko.sepeda' doesn't exist in C:\Users\ASUS\Desktop\Lat1\system\Database\MySQLi\Connection.php:306
Stack trace:
#0 C:\Users\ASUS\Desktop\Lat1\system\Database\MySQLi\Connection.php(306): mysqli->query('SELECT *\nFROM `...', 0)
#1 C:\Users\ASUS\Desktop\Lat1\system\Database\BaseConnection.php(692): CodeIgniter\Database\MySQLi\Connection->execute('SELECT *\nFROM `...')
#2 C:\Users\ASUS\Desktop\Lat1\system\Database\BaseConnection.php(606): CodeIgniter\Database\BaseConnection->simpleQuery('SELECT *\nFROM `...')
#3 C:\Users\ASUS\Desktop\Lat1\system\Database\BaseBuilder.php(1615): CodeIgniter\Database\BaseConnection->query('SELECT *\nFROM `...', Array, false)
#4 C:\Users\ASUS\Desktop\Lat1\app\Controllers\Quiz.php(46): CodeIgniter\Database\BaseBuilder->get()
#5 C:\Users\ASUS\Desktop\Lat1\system\CodeIgniter.php(919): App\Controllers\Quiz->tampil()
#6 C:\Users\ASUS\Desktop\Lat1\system\CodeIgniter.php(494): CodeIgniter\CodeIgniter->runController(Object(App\Controllers\Quiz))
#7 C:\Users\ASUS\Desktop\Lat1\system\CodeIgniter.php(353): CodeIgniter\CodeIgniter->handleRequest(NULL, Object(Config\Cache), false)
#8 C:\Users\ASUS\Desktop\Lat1\public\index.php(79): CodeIgniter\CodeIgniter->run()
#9 C:\Users\ASUS\Desktop\Lat1\system\Commands\Server\rewrite.php(47): require_once('C:\\Users\\ASUS\\D...')
#10 {main}
CRITICAL - 2023-11-06 06:52:19 --> Table 'toko.sepeda' doesn't exist
in SYSTEMPATH\Database\BaseConnection.php on line 646.
 1 SYSTEMPATH\Database\BaseBuilder.php(1615): CodeIgniter\Database\BaseConnection->query('SELECT *
FROM `sepeda`', [], false)
 2 APPPATH\Controllers\Quiz.php(46): CodeIgniter\Database\BaseBuilder->get()
 3 SYSTEMPATH\CodeIgniter.php(919): App\Controllers\Quiz->tampil()
 4 SYSTEMPATH\CodeIgniter.php(494): CodeIgniter\CodeIgniter->runController(Object(App\Controllers\Quiz))
 5 SYSTEMPATH\CodeIgniter.php(353): CodeIgniter\CodeIgniter->handleRequest(null, Object(Config\Cache), false)
 6 FCPATH\index.php(79): CodeIgniter\CodeIgniter->run()
 7 SYSTEMPATH\Commands\Server\rewrite.php(47): require_once('C:\\Users\\ASUS\\Desktop\\Lat1\\public\\index.php')
CRITICAL - 2023-11-06 07:10:32 --> Undefined array key "hsewa"
in APPPATH\Views\tampilquiz.php on line 26.
 1 APPPATH\Views\tampilquiz.php(26): CodeIgniter\Debug\Exceptions->errorHandler(2, 'Undefined array key "hsewa"', 'C:\\Users\\ASUS\\Desktop\\Lat1\\app\\Views\\tampilquiz.php', 26)
 2 SYSTEMPATH\View\View.php(226): include('C:\\Users\\ASUS\\Desktop\\Lat1\\app\\Views\\tampilquiz.php')
 3 SYSTEMPATH\View\View.php(229): CodeIgniter\View\View->CodeIgniter\View\{closure}()
 4 SYSTEMPATH\Common.php(1188): CodeIgniter\View\View->render('tampilquiz', [], true)
 5 APPPATH\Controllers\Quiz.php(48): view('tampilquiz', [...])
 6 SYSTEMPATH\CodeIgniter.php(919): App\Controllers\Quiz->tampil()
 7 SYSTEMPATH\CodeIgniter.php(494): CodeIgniter\CodeIgniter->runController(Object(App\Controllers\Quiz))
 8 SYSTEMPATH\CodeIgniter.php(353): CodeIgniter\CodeIgniter->handleRequest(null, Object(Config\Cache), false)
 9 FCPATH\index.php(79): CodeIgniter\CodeIgniter->run()
10 SYSTEMPATH\Commands\Server\rewrite.php(47): require_once('C:\\Users\\ASUS\\Desktop\\Lat1\\public\\index.php')
